<?xml version="1.0" encoding="UTF-8"?>
<!-- Generated by org.testng.reporters.JUnitReportReporter -->
<testsuite hostname="karishmas-MacBook-Air.local" failures="0" tests="2" name="Testscript.TC2" time="2.786" errors="1" timestamp="2020-10-12T01:42:28 IST" skipped="1">
  <testcase classname="Testscript.TC2" name="browserlaunch" time="2.786">
    <error message="session not created: This version of ChromeDriver only supports Chrome version 83
Build info: version: &#039;3.141.59&#039;, revision: &#039;e82be7d358&#039;, time: &#039;2018-11-14T08:25:53&#039;
System info: host: &#039;karishmas-MacBook-Air.local&#039;, ip: &#039;fe80:0:0:0:c35:6959:ee1e:7d1d%en0&#039;, os.name: &#039;Mac OS X&#039;, os.arch: &#039;x86_64&#039;, os.version: &#039;10.15.4&#039;, java.version: &#039;13.0.2&#039;
Driver info: driver.version: ChromeDriver
remote stacktrace: 0   chromedriver                        0x0000000100641e99 chromedriver + 4808345
1   chromedriver                        0x00000001005dc5f3 chromedriver + 4392435
2   chromedriver                        0x000000010026829d chromedriver + 770717
3   chromedriver                        0x00000001001c5689 chromedriver + 104073
4   chromedriver                        0x00000001001c1940 chromedriver + 88384
5   chromedriver                        0x00000001001bec99 chromedriver + 76953
6   chromedriver                        0x00000001001f0fa3 chromedriver + 282531
7   chromedriver                        0x00000001001edda3 chromedriver + 269731
8   chromedriver                        0x00000001001c78dd chromedriver + 112861
9   chromedriver                        0x00000001001c8875 chromedriver + 116853
10  chromedriver                        0x000000010060447f chromedriver + 4555903
11  chromedriver                        0x000000010061177a chromedriver + 4609914
12  chromedriver                        0x0000000100611509 chromedriver + 4609289
13  chromedriver                        0x00000001005e8319 chromedriver + 4440857
14  chromedriver                        0x0000000100611d03 chromedriver + 4611331
15  chromedriver                        0x00000001005fa083 chromedriver + 4513923
16  chromedriver                        0x0000000100628454 chromedriver + 4703316
17  chromedriver                        0x0000000100647f57 chromedriver + 4833111
18  libsystem_pthread.dylib             0x00007fff6e4f0109 _pthread_start + 148
19  libsystem_pthread.dylib             0x00007fff6e4ebb8b thread_start + 15
" type="org.openqa.selenium.SessionNotCreatedException">
      <![CDATA[org.openqa.selenium.SessionNotCreatedException: session not created: This version of ChromeDriver only supports Chrome version 83
Build info: version: '3.141.59', revision: 'e82be7d358', time: '2018-11-14T08:25:53'
System info: host: 'karishmas-MacBook-Air.local', ip: 'fe80:0:0:0:c35:6959:ee1e:7d1d%en0', os.name: 'Mac OS X', os.arch: 'x86_64', os.version: '10.15.4', java.version: '13.0.2'
Driver info: driver.version: ChromeDriver
remote stacktrace: 0   chromedriver                        0x0000000100641e99 chromedriver + 4808345
1   chromedriver                        0x00000001005dc5f3 chromedriver + 4392435
2   chromedriver                        0x000000010026829d chromedriver + 770717
3   chromedriver                        0x00000001001c5689 chromedriver + 104073
4   chromedriver                        0x00000001001c1940 chromedriver + 88384
5   chromedriver                        0x00000001001bec99 chromedriver + 76953
6   chromedriver                        0x00000001001f0fa3 chromedriver + 282531
7   chromedriver                        0x00000001001edda3 chromedriver + 269731
8   chromedriver                        0x00000001001c78dd chromedriver + 112861
9   chromedriver                        0x00000001001c8875 chromedriver + 116853
10  chromedriver                        0x000000010060447f chromedriver + 4555903
11  chromedriver                        0x000000010061177a chromedriver + 4609914
12  chromedriver                        0x0000000100611509 chromedriver + 4609289
13  chromedriver                        0x00000001005e8319 chromedriver + 4440857
14  chromedriver                        0x0000000100611d03 chromedriver + 4611331
15  chromedriver                        0x00000001005fa083 chromedriver + 4513923
16  chromedriver                        0x0000000100628454 chromedriver + 4703316
17  chromedriver                        0x0000000100647f57 chromedriver + 4833111
18  libsystem_pthread.dylib             0x00007fff6e4f0109 _pthread_start + 148
19  libsystem_pthread.dylib             0x00007fff6e4ebb8b thread_start + 15

at java.base/jdk.internal.reflect.NativeConstructorAccessorImpl.newInstance0(Native Method)
at java.base/jdk.internal.reflect.NativeConstructorAccessorImpl.newInstance(NativeConstructorAccessorImpl.java:62)
at java.base/jdk.internal.reflect.DelegatingConstructorAccessorImpl.newInstance(DelegatingConstructorAccessorImpl.java:45)
at java.base/java.lang.reflect.Constructor.newInstanceWithCaller(Constructor.java:500)
at java.base/java.lang.reflect.Constructor.newInstance(Constructor.java:481)
at org.openqa.selenium.remote.W3CHandshakeResponse.lambda$errorHandler$0(W3CHandshakeResponse.java:62)
at org.openqa.selenium.remote.HandshakeResponse.lambda$getResponseFunction$0(HandshakeResponse.java:30)
at org.openqa.selenium.remote.ProtocolHandshake.lambda$createSession$0(ProtocolHandshake.java:126)
at java.base/java.util.stream.ReferencePipeline$3$1.accept(ReferencePipeline.java:195)
at java.base/java.util.Spliterators$ArraySpliterator.tryAdvance(Spliterators.java:958)
at java.base/java.util.stream.ReferencePipeline.forEachWithCancel(ReferencePipeline.java:127)
at java.base/java.util.stream.AbstractPipeline.copyIntoWithCancel(AbstractPipeline.java:502)
at java.base/java.util.stream.AbstractPipeline.copyInto(AbstractPipeline.java:488)
at java.base/java.util.stream.AbstractPipeline.wrapAndCopyInto(AbstractPipeline.java:474)
at java.base/java.util.stream.FindOps$FindOp.evaluateSequential(FindOps.java:150)
at java.base/java.util.stream.AbstractPipeline.evaluate(AbstractPipeline.java:234)
at java.base/java.util.stream.ReferencePipeline.findFirst(ReferencePipeline.java:543)
at org.openqa.selenium.remote.ProtocolHandshake.createSession(ProtocolHandshake.java:128)
at org.openqa.selenium.remote.ProtocolHandshake.createSession(ProtocolHandshake.java:74)
at org.openqa.selenium.remote.HttpCommandExecutor.execute(HttpCommandExecutor.java:136)
at org.openqa.selenium.remote.service.DriverCommandExecutor.execute(DriverCommandExecutor.java:83)
at org.openqa.selenium.remote.RemoteWebDriver.execute(RemoteWebDriver.java:552)
at org.openqa.selenium.remote.RemoteWebDriver.startSession(RemoteWebDriver.java:213)
at org.openqa.selenium.remote.RemoteWebDriver.<init>(RemoteWebDriver.java:131)
at org.openqa.selenium.chrome.ChromeDriver.<init>(ChromeDriver.java:181)
at org.openqa.selenium.chrome.ChromeDriver.<init>(ChromeDriver.java:168)
at org.openqa.selenium.chrome.ChromeDriver.<init>(ChromeDriver.java:157)
at Base.Baseclass.browserlaunch(Baseclass.java:24)
at java.base/jdk.internal.reflect.NativeMethodAccessorImpl.invoke0(Native Method)
at java.base/jdk.internal.reflect.NativeMethodAccessorImpl.invoke(NativeMethodAccessorImpl.java:62)
at java.base/jdk.internal.reflect.DelegatingMethodAccessorImpl.invoke(DelegatingMethodAccessorImpl.java:43)
at java.base/java.lang.reflect.Method.invoke(Method.java:567)
at org.testng.internal.MethodInvocationHelper.invokeMethod(MethodInvocationHelper.java:135)
at org.testng.internal.MethodInvocationHelper.invokeMethodConsideringTimeout(MethodInvocationHelper.java:64)
at org.testng.internal.ConfigInvoker.invokeConfigurationMethod(ConfigInvoker.java:364)
at org.testng.internal.ConfigInvoker.invokeConfigurations(ConfigInvoker.java:318)
at org.testng.internal.TestInvoker.runConfigMethods(TestInvoker.java:700)
at org.testng.internal.TestInvoker.invokeMethod(TestInvoker.java:527)
at org.testng.internal.TestInvoker.invokeTestMethod(TestInvoker.java:174)
at org.testng.internal.MethodRunner.runInSequence(MethodRunner.java:46)
at org.testng.internal.TestInvoker$MethodInvocationAgent.invoke(TestInvoker.java:821)
at org.testng.internal.TestInvoker.invokeTestMethods(TestInvoker.java:147)
at org.testng.internal.TestMethodWorker.invokeTestMethods(TestMethodWorker.java:146)
at org.testng.internal.TestMethodWorker.run(TestMethodWorker.java:128)
at java.base/java.util.ArrayList.forEach(ArrayList.java:1507)
at org.testng.TestRunner.privateRun(TestRunner.java:767)
at org.testng.TestRunner.run(TestRunner.java:588)
at org.testng.SuiteRunner.runTest(SuiteRunner.java:384)
at org.testng.SuiteRunner.runSequentially(SuiteRunner.java:378)
at org.testng.SuiteRunner.privateRun(SuiteRunner.java:337)
at org.testng.SuiteRunner.run(SuiteRunner.java:286)
at org.testng.SuiteRunnerWorker.runSuite(SuiteRunnerWorker.java:53)
at org.testng.SuiteRunnerWorker.run(SuiteRunnerWorker.java:96)
at org.testng.TestNG.runSuitesSequentially(TestNG.java:1214)
at org.testng.TestNG.runSuitesLocally(TestNG.java:1136)
at org.testng.TestNG.runSuites(TestNG.java:1066)
at org.testng.TestNG.run(TestNG.java:1034)
at org.testng.remote.AbstractRemoteTestNG.run(AbstractRemoteTestNG.java:115)
at org.testng.remote.RemoteTestNG.initAndRun(RemoteTestNG.java:251)
at org.testng.remote.RemoteTestNG.main(RemoteTestNG.java:77)
]]>
    </error>
  </testcase> <!-- browserlaunch -->
  <system-out/>
  <testcase classname="Testscript.TC2" name="test" time="0.000">
    <skipped/>
  </testcase> <!-- test -->
  <system-out/>
</testsuite> <!-- Testscript.TC2 -->
