<?xml version="1.0" encoding="UTF-8"?>
<!-- Generated by org.testng.reporters.JUnitXMLReporter -->
<testsuite ignored="0" hostname="karishmas-MacBook-Air.local" failures="1" tests="3" name="Command line test f173179e-c6eb-4ac2-96e8-0c93e8ef1f08" time="202.635" errors="0" timestamp="2020-11-19T23:40:03 IST">
  <testcase classname="Testscript.TC10" name="booking_flow_by_admin" time="78.035"/>
  <testcase classname="Testscript.TC13" name="Different_status_booking" time="56.509"/>
  <testcase classname="Testscript.TC14" name="admin_cancelbooking" time="32.131">
    <failure type="org.openqa.selenium.ElementClickInterceptedException" message="element click intercepted: Element &amp;lt;span _ngcontent-c30=&amp;quot;&amp;quot; class=&amp;quot;ng-tns-c30-5 ng-star-inserted&amp;quot;&amp;gt;...&amp;lt;/span&amp;gt; is not clickable at point (481, 397). Other element would receive the click: &amp;lt;li role=&amp;quot;option&amp;quot; class=&amp;quot;ui-dropdown-item ui-corner-all&amp;quot; aria-label=&amp;quot;Cancelled&amp;quot;&amp;gt;...&amp;lt;/li&amp;gt;
  (Session info: chrome=87.0.4280.67)
Build info: version: &amp;apos;3.141.59&amp;apos;, revision: &amp;apos;e82be7d358&amp;apos;, time: &amp;apos;2018-11-14T08:25:53&amp;apos;
System info: host: &amp;apos;karishmas-MacBook-Air.local&amp;apos;, ip: &amp;apos;fe80:0:0:0:4c8:8c63:9b17:d5bb%en0&amp;apos;, os.name: &amp;apos;Mac OS X&amp;apos;, os.arch: &amp;apos;x86_64&amp;apos;, os.version: &amp;apos;10.15.4&amp;apos;, java.version: &amp;apos;13.0.2&amp;apos;
Driver info: org.openqa.selenium.chrome.ChromeDriver
Capabilities {acceptInsecureCerts: false, browserName: chrome, browserVersion: 87.0.4280.67, chrome: {chromedriverVersion: 86.0.4240.22 (398b0743353ff..., userDataDir: /var/folders/4n/g7b3mygx47d...}, goog:chromeOptions: {debuggerAddress: localhost:51214}, javascriptEnabled: true, networkConnectionEnabled: false, pageLoadStrategy: none, platform: MAC, platformName: MAC, proxy: Proxy(), setWindowRect: true, strictFileInteractability: false, timeouts: {implicit: 0, pageLoad: 300000, script: 30000}, unhandledPromptBehavior: dismiss and notify, webauthn:virtualAuthenticators: true}
Session ID: 22cf251666bcd890dfe25729b9bd7906">
      <![CDATA[org.openqa.selenium.ElementClickInterceptedException: element click intercepted: Element <span _ngcontent-c30="" class="ng-tns-c30-5 ng-star-inserted">...</span> is not clickable at point (481, 397). Other element would receive the click: <li role="option" class="ui-dropdown-item ui-corner-all" aria-label="Cancelled">...</li>
  (Session info: chrome=87.0.4280.67)
Build info: version: '3.141.59', revision: 'e82be7d358', time: '2018-11-14T08:25:53'
System info: host: 'karishmas-MacBook-Air.local', ip: 'fe80:0:0:0:4c8:8c63:9b17:d5bb%en0', os.name: 'Mac OS X', os.arch: 'x86_64', os.version: '10.15.4', java.version: '13.0.2'
Driver info: org.openqa.selenium.chrome.ChromeDriver
Capabilities {acceptInsecureCerts: false, browserName: chrome, browserVersion: 87.0.4280.67, chrome: {chromedriverVersion: 86.0.4240.22 (398b0743353ff..., userDataDir: /var/folders/4n/g7b3mygx47d...}, goog:chromeOptions: {debuggerAddress: localhost:51214}, javascriptEnabled: true, networkConnectionEnabled: false, pageLoadStrategy: none, platform: MAC, platformName: MAC, proxy: Proxy(), setWindowRect: true, strictFileInteractability: false, timeouts: {implicit: 0, pageLoad: 300000, script: 30000}, unhandledPromptBehavior: dismiss and notify, webauthn:virtualAuthenticators: true}
Session ID: 22cf251666bcd890dfe25729b9bd7906
at org.openqa.selenium.remote.http.W3CHttpResponseCodec.createException(W3CHttpResponseCodec.java:187)
at org.openqa.selenium.remote.http.W3CHttpResponseCodec.decode(W3CHttpResponseCodec.java:122)
at org.openqa.selenium.remote.http.W3CHttpResponseCodec.decode(W3CHttpResponseCodec.java:49)
at org.openqa.selenium.remote.HttpCommandExecutor.execute(HttpCommandExecutor.java:158)
at org.openqa.selenium.remote.service.DriverCommandExecutor.execute(DriverCommandExecutor.java:83)
at org.openqa.selenium.remote.RemoteWebDriver.execute(RemoteWebDriver.java:552)
at org.openqa.selenium.remote.RemoteWebElement.execute(RemoteWebElement.java:285)
at org.openqa.selenium.remote.RemoteWebElement.click(RemoteWebElement.java:84)
at Testscript.TC14.admin_cancelbooking(TC14.java:43)
at java.base/java.util.ArrayList.forEach(ArrayList.java:1507)
at Runner.triggerclass.main(triggerclass.java:70)
... Removed 29 stack frames]]>
    </failure>
  </testcase> <!-- admin_cancelbooking -->
</testsuite> <!-- Command line test f173179e-c6eb-4ac2-96e8-0c93e8ef1f08 -->
