<?xml version="1.0" encoding="UTF-8"?>
<!-- Generated by org.testng.reporters.JUnitXMLReporter -->
<testsuite ignored="0" hostname="karishmas-MacBook-Air.local" failures="0" tests="1" name="Command line test bf04da69-634c-44ee-b62b-9da000cdf227" time="0.227" errors="0" timestamp="2020-07-09T22:37:50 IST">
  <testcase classname="Base.Baseclass" name="@BeforeMethod browserlaunch" time="0.17">
    <failure type="java.lang.IllegalStateException" message="The driver executable does not exist: /Users/karishma/eclipse-workspace/A1/chromedriver">
      <![CDATA[java.lang.IllegalStateException: The driver executable does not exist: /Users/karishma/eclipse-workspace/A1/chromedriver
at com.google.common.base.Preconditions.checkState(Preconditions.java:585)
at org.openqa.selenium.remote.service.DriverService.checkExecutable(DriverService.java:146)
at org.openqa.selenium.remote.service.DriverService.findExecutable(DriverService.java:141)
at org.openqa.selenium.chrome.ChromeDriverService.access$000(ChromeDriverService.java:35)
at org.openqa.selenium.chrome.ChromeDriverService$Builder.findDefaultExecutable(ChromeDriverService.java:159)
at org.openqa.selenium.remote.service.DriverService$Builder.build(DriverService.java:355)
at org.openqa.selenium.chrome.ChromeDriverService.createDefaultService(ChromeDriverService.java:94)
at org.openqa.selenium.chrome.ChromeDriver.<init>(ChromeDriver.java:157)
at Base.Baseclass.browserlaunch(Baseclass.java:24)
at java.base/java.util.ArrayList.forEach(ArrayList.java:1507)
at Runner.triggerclass.main(triggerclass.java:70)
... Removed 28 stack frames]]>
    </failure>
  </testcase> <!-- @BeforeMethod browserlaunch -->
  <testcase classname="Base.Baseclass" name="@AfterMethod close" time="-1.594314470601E9">
    <skipped/>
  </testcase> <!-- @AfterMethod close -->
  <testcase classname="Testscript.TC1" name="test" time="0.0">
    <skipped/>
  </testcase> <!-- test -->
</testsuite> <!-- Command line test bf04da69-634c-44ee-b62b-9da000cdf227 -->
